# JRE version: OpenJDK Runtime Environment Temurin-25.0.2+10 (25.0.2+10) (build 25.0.2+10-LTS)
# Java VM: OpenJDK 64-Bit Server VM Temurin-25.0.2+10 (25.0.2+10-LTS, mixed mode, tiered, compressed oops, compressed class ptrs, g1 gc, windows-amd64)
GC Precious Log:
 CardTable entry size: 512
 Card Set container configuration: InlinePtr #cards 5 size 8 Array Of Cards #cards 10 size 36 Howl #buckets 4 coarsen threshold 1843 Howl Bitmap #cards 512 size 80 coarsen threshold 460 Card regions per heap region 1 cards per card region 2048
 CPUs: 2 total, 2 available
 Memory: 3919M
 Large Page Support: Disabled
 NUMA Support: Disabled
 Compressed Oops: Enabled (32-bit)
 Heap Region Size: 1M
 Heap Min Capacity: 8M
 Heap Initial Capacity: 62M
 Heap Max Capacity: 980M
 Pre-touch: Disabled
 Parallel Workers: 2
 Concurrent Workers: 1
 Concurrent Refinement Workers: 2
 Periodic GC: Disabled
Heap:
 garbage-first heap   total reserved 1003520K, committed 63488K, used 7442K [0x00000000c2c00000, 0x0000000100000000)
  region size 1024K, 5 young (5120K), 1 survivors (1024K)
GC Heap Usage History (20 events):
Event: 210.510 {heap Before GC invocations=0 (full 0):
 garbage-first heap   total reserved 1003520K, committed 63488K, used 14336K [0x00000000c2c00000, 0x0000000100000000)
  region size 1024K, 14 young (14336K), 0 survivors (0K)
}
Event: 212.320 {heap After GC invocations=1 (full 0):
 garbage-first heap   total reserved 1003520K, committed 63488K, used 3392K [0x00000000c2c00000, 0x0000000100000000)
  region size 1024K, 2 young (2048K), 2 survivors (2048K)
}
Event: 222.910 {heap Before GC invocations=1 (full 0):
 garbage-first heap   total reserved 1003520K, committed 63488K, used 4416K [0x00000000c2c00000, 0x0000000100000000)
  region size 1024K, 3 young (3072K), 2 survivors (2048K)
}
Event: 222.917 {heap After GC invocations=2 (full 0):
 garbage-first heap   total reserved 1003520K, committed 63488K, used 3627K [0x00000000c2c00000, 0x0000000100000000)
  region size 1024K, 1 young (1024K), 1 survivors (1024K)
}
Event: 276.020 {heap Before GC invocations=2 (full 0):
 garbage-first heap   total reserved 1003520K, committed 63488K, used 5675K [0x00000000c2c00000, 0x0000000100000000)
  region size 1024K, 3 young (3072K), 1 survivors (1024K)
}
Event: 276.120 {heap After GC invocations=3 (full 0):
 garbage-first heap   total reserved 1003520K, committed 63488K, used 3573K [0x00000000c2c00000, 0x0000000100000000)
  region size 1024K, 1 young (1024K), 1 survivors (1024K)
}
Event: 284.713 {heap Before GC invocations=3 (full 0):
 garbage-first heap   total reserved 1003520K, committed 63488K, used 4597K [0x00000000c2c00000, 0x0000000100000000)
  region size 1024K, 3 young (3072K), 1 survivors (1024K)
}
Event: 284.716 {heap After GC invocations=4 (full 0):
 garbage-first heap   total reserved 1003520K, committed 63488K, used 3702K [0x00000000c2c00000, 0x0000000100000000)
  region size 1024K, 1 young (1024K), 1 survivors (1024K)
}
Event: 291.968 {heap Before GC invocations=4 (full 0):
 garbage-first heap   total reserved 1003520K, committed 63488K, used 6774K [0x00000000c2c00000, 0x0000000100000000)
  region size 1024K, 4 young (4096K), 1 survivors (1024K)
}
Event: 292.892 {heap After GC invocations=5 (full 0):
 garbage-first heap   total reserved 1003520K, committed 63488K, used 3799K [0x00000000c2c00000, 0x0000000100000000)
  region size 1024K, 1 young (1024K), 1 survivors (1024K)
}
Event: 295.734 {heap Before GC invocations=5 (full 0):
 garbage-first heap   total reserved 1003520K, committed 63488K, used 5847K [0x00000000c2c00000, 0x0000000100000000)
  region size 1024K, 3 young (3072K), 1 survivors (1024K)
}
Event: 295.736 {heap After GC invocations=6 (full 0):
 garbage-first heap   total reserved 1003520K, committed 63488K, used 3849K [0x00000000c2c00000, 0x0000000100000000)
  region size 1024K, 1 young (1024K), 1 survivors (1024K)
}
Event: 296.515 {heap Before GC invocations=6 (full 0):
 garbage-first heap   total reserved 1003520K, committed 63488K, used 5897K [0x00000000c2c00000, 0x0000000100000000)
  region size 1024K, 3 young (3072K), 1 survivors (1024K)
}
Event: 296.636 {heap After GC invocations=7 (full 0):
 garbage-first heap   total reserved 1003520K, committed 63488K, used 3915K [0x00000000c2c00000, 0x0000000100000000)
  region size 1024K, 1 young (1024K), 1 survivors (1024K)
}
Event: 312.185 {heap Before GC invocations=7 (full 0):
 garbage-first heap   total reserved 1003520K, committed 63488K, used 5963K [0x00000000c2c00000, 0x0000000100000000)
  region size 1024K, 3 young (3072K), 1 survivors (1024K)
}
Event: 312.401 {heap After GC invocations=8 (full 0):
 garbage-first heap   total reserved 1003520K, committed 63488K, used 3985K [0x00000000c2c00000, 0x0000000100000000)
  region size 1024K, 1 young (1024K), 1 survivors (1024K)
}
Event: 334.783 {heap Before GC invocations=8 (full 0):
 garbage-first heap   total reserved 1003520K, committed 63488K, used 7057K [0x00000000c2c00000, 0x0000000100000000)
  region size 1024K, 4 young (4096K), 1 survivors (1024K)
}
Event: 334.929 {heap After GC invocations=9 (full 0):
 garbage-first heap   total reserved 1003520K, committed 63488K, used 4048K [0x00000000c2c00000, 0x0000000100000000)
  region size 1024K, 1 young (1024K), 1 survivors (1024K)
}
Event: 383.821 {heap Before GC invocations=9 (full 0):
 garbage-first heap   total reserved 1003520K, committed 63488K, used 8144K [0x00000000c2c00000, 0x0000000100000000)
  region size 1024K, 6 young (6144K), 1 survivors (1024K)
}
Event: 383.834 {heap After GC invocations=10 (full 0):
 garbage-first heap   total reserved 1003520K, committed 63488K, used 4370K [0x00000000c2c00000, 0x0000000100000000)
  region size 1024K, 1 young (1024K), 1 survivors (1024K)
}

